# JRE version: Java(TM) SE Runtime Environment (8.0_101-b13) (build 1.8.0_101-b13)
# Java VM: Java HotSpot(TM) 64-Bit Server VM (25.101-b13 mixed mode linux-amd64 compressed oops)
Heap:
 PSYoungGen      total 137216K, used 34469K [0x00000000d6e00000, 0x00000000e0580000, 0x0000000100000000)
  eden space 122368K, 16% used [0x00000000d6e00000,0x00000000d81610b0,0x00000000de580000)
  from space 14848K, 98% used [0x00000000dea00000,0x00000000df848390,0x00000000df880000)
  to   space 13312K, 0% used [0x00000000df880000,0x00000000df880000,0x00000000e0580000)
 ParOldGen       total 84992K, used 36472K [0x0000000084a00000, 0x0000000089d00000, 0x00000000d6e00000)
  object space 84992K, 42% used [0x0000000084a00000,0x0000000086d9e080,0x0000000089d00000)
 Metaspace       used 20047K, capacity 20269K, committed 20736K, reserved 1069056K
  class space    used 1853K, capacity 1924K, committed 2048K, reserved 1048576K
GC Heap History (10 events):
Event: 1.754 GC heap before
{Heap before GC invocations=3 (full 0):
 PSYoungGen      total 36864K, used 36773K [0x00000000d6e00000, 0x00000000db600000, 0x0000000100000000)
  eden space 31744K, 99% used [0x00000000d6e00000,0x00000000d8ce9e38,0x00000000d8d00000)
  from space 5120K, 99% used [0x00000000d9200000,0x00000000d96ff680,0x00000000d9700000)
  to   space 5120K, 0% used [0x00000000d8d00000,0x00000000d8d00000,0x00000000d9200000)
 ParOldGen       total 84992K, used 8523K [0x0000000084a00000, 0x0000000089d00000, 0x00000000d6e00000)
  object space 84992K, 10% used [0x0000000084a00000,0x0000000085252c20,0x0000000089d00000)
 Metaspace       used 18857K, capacity 19089K, committed 19328K, reserved 1067008K
  class space    used 1845K, capacity 1920K, committed 1920K, reserved 1048576K
Event: 1.760 GC heap after
Heap after GC invocations=3 (full 0):
 PSYoungGen      total 36864K, used 5106K [0x00000000d6e00000, 0x00000000db600000, 0x0000000100000000)
  eden space 31744K, 0% used [0x00000000d6e00000,0x00000000d6e00000,0x00000000d8d00000)
  from space 5120K, 99% used [0x00000000d8d00000,0x00000000d91fca30,0x00000000d9200000)
  to   space 5120K, 0% used [0x00000000db100000,0x00000000db100000,0x00000000db600000)
 ParOldGen       total 84992K, used 14427K [0x0000000084a00000, 0x0000000089d00000, 0x00000000d6e00000)
  object space 84992K, 16% used [0x0000000084a00000,0x0000000085816d90,0x0000000089d00000)
 Metaspace       used 18857K, capacity 19089K, committed 19328K, reserved 1067008K
  class space    used 1845K, capacity 1920K, committed 1920K, reserved 1048576K
}
Event: 2.749 GC heap before
{Heap before GC invocations=4 (full 0):
 PSYoungGen      total 36864K, used 36850K [0x00000000d6e00000, 0x00000000db600000, 0x0000000100000000)
  eden space 31744K, 100% used [0x00000000d6e00000,0x00000000d8d00000,0x00000000d8d00000)
  from space 5120K, 99% used [0x00000000d8d00000,0x00000000d91fca30,0x00000000d9200000)
  to   space 5120K, 0% used [0x00000000db100000,0x00000000db100000,0x00000000db600000)
 ParOldGen       total 84992K, used 14427K [0x0000000084a00000, 0x0000000089d00000, 0x00000000d6e00000)
  object space 84992K, 16% used [0x0000000084a00000,0x0000000085816d90,0x0000000089d00000)
 Metaspace       used 19211K, capacity 19433K, committed 19712K, reserved 1067008K
  class space    used 1848K, capacity 1924K, committed 2048K, reserved 1048576K
Event: 2.757 GC heap after
Heap after GC invocations=4 (full 0):
 PSYoungGen      total 68608K, used 5101K [0x00000000d6e00000, 0x00000000db600000, 0x0000000100000000)
  eden space 63488K, 0% used [0x00000000d6e00000,0x00000000d6e00000,0x00000000dac00000)
  from space 5120K, 99% used [0x00000000db100000,0x00000000db5fb660,0x00000000db600000)
  to   space 5120K, 0% used [0x00000000dac00000,0x00000000dac00000,0x00000000db100000)
 ParOldGen       total 84992K, used 17723K [0x0000000084a00000, 0x0000000089d00000, 0x00000000d6e00000)
  object space 84992K, 20% used [0x0000000084a00000,0x0000000085b4eea0,0x0000000089d00000)
 Metaspace       used 19211K, capacity 19433K, committed 19712K, reserved 1067008K
  class space    used 1848K, capacity 1924K, committed 2048K, reserved 1048576K
}
Event: 6.582 GC heap before
{Heap before GC invocations=5 (full 0):
 PSYoungGen      total 68608K, used 68589K [0x00000000d6e00000, 0x00000000db600000, 0x0000000100000000)
  eden space 63488K, 100% used [0x00000000d6e00000,0x00000000dac00000,0x00000000dac00000)
  from space 5120K, 99% used [0x00000000db100000,0x00000000db5fb660,0x00000000db600000)
  to   space 5120K, 0% used [0x00000000dac00000,0x00000000dac00000,0x00000000db100000)
 ParOldGen       total 84992K, used 17723K [0x0000000084a00000, 0x0000000089d00000, 0x00000000d6e00000)
  object space 84992K, 20% used [0x0000000084a00000,0x0000000085b4eea0,0x0000000089d00000)
 Metaspace       used 19547K, capacity 19757K, committed 20224K, reserved 1067008K
  class space    used 1848K, capacity 1924K, committed 2048K, reserved 1048576K
Event: 6.588 GC heap after
Heap after GC invocations=5 (full 0):
 PSYoungGen      total 68608K, used 5117K [0x00000000d6e00000, 0x00000000e0800000, 0x0000000100000000)
  eden space 63488K, 0% used [0x00000000d6e00000,0x00000000d6e00000,0x00000000dac00000)
  from space 5120K, 99% used [0x00000000dac00000,0x00000000db0ff650,0x00000000db100000)
  to   space 15360K, 0% used [0x00000000df900000,0x00000000df900000,0x00000000e0800000)
 ParOldGen       total 84992K, used 24148K [0x0000000084a00000, 0x0000000089d00000, 0x00000000d6e00000)
  object space 84992K, 28% used [0x0000000084a00000,0x0000000086195030,0x0000000089d00000)
 Metaspace       used 19547K, capacity 19757K, committed 20224K, reserved 1067008K
  class space    used 1848K, capacity 1924K, committed 2048K, reserved 1048576K
}
Event: 12.647 GC heap before
{Heap before GC invocations=6 (full 0):
 PSYoungGen      total 68608K, used 68605K [0x00000000d6e00000, 0x00000000e0800000, 0x0000000100000000)
  eden space 63488K, 100% used [0x00000000d6e00000,0x00000000dac00000,0x00000000dac00000)
  from space 5120K, 99% used [0x00000000dac00000,0x00000000db0ff650,0x00000000db100000)
  to   space 15360K, 0% used [0x00000000df900000,0x00000000df900000,0x00000000e0800000)
 ParOldGen       total 84992K, used 24148K [0x0000000084a00000, 0x0000000089d00000, 0x00000000d6e00000)
  object space 84992K, 28% used [0x0000000084a00000,0x0000000086195030,0x0000000089d00000)
 Metaspace       used 19841K, capacity 20013K, committed 20480K, reserved 1067008K
  class space    used 1848K, capacity 1924K, committed 2048K, reserved 1048576K
Event: 12.659 GC heap after
Heap after GC invocations=6 (full 0):
 PSYoungGen      total 141312K, used 10335K [0x00000000d6e00000, 0x00000000e0700000, 0x0000000100000000)
  eden space 126976K, 0% used [0x00000000d6e00000,0x00000000d6e00000,0x00000000dea00000)
  from space 14336K, 72% used [0x00000000df900000,0x00000000e0317fc0,0x00000000e0700000)
  to   space 14848K, 0% used [0x00000000dea00000,0x00000000dea00000,0x00000000df880000)
 ParOldGen       total 84992K, used 24148K [0x0000000084a00000, 0x0000000089d00000, 0x00000000d6e00000)
  object space 84992K, 28% used [0x0000000084a00000,0x0000000086195030,0x0000000089d00000)
 Metaspace       used 19841K, capacity 20013K, committed 20480K, reserved 1067008K
  class space    used 1848K, capacity 1924K, committed 2048K, reserved 1048576K
}
Event: 18.060 GC heap before
{Heap before GC invocations=7 (full 0):
 PSYoungGen      total 141312K, used 137311K [0x00000000d6e00000, 0x00000000e0700000, 0x0000000100000000)
  eden space 126976K, 100% used [0x00000000d6e00000,0x00000000dea00000,0x00000000dea00000)
  from space 14336K, 72% used [0x00000000df900000,0x00000000e0317fc0,0x00000000e0700000)
  to   space 14848K, 0% used [0x00000000dea00000,0x00000000dea00000,0x00000000df880000)
 ParOldGen       total 84992K, used 24148K [0x0000000084a00000, 0x0000000089d00000, 0x00000000d6e00000)
  object space 84992K, 28% used [0x0000000084a00000,0x0000000086195030,0x0000000089d00000)
 Metaspace       used 20032K, capacity 20269K, committed 20736K, reserved 1069056K
  class space    used 1851K, capacity 1924K, committed 2048K, reserved 1048576K
Event: 18.072 GC heap after
Heap after GC invocations=7 (full 0):
 PSYoungGen      total 137216K, used 14624K [0x00000000d6e00000, 0x00000000e0580000, 0x0000000100000000)
  eden space 122368K, 0% used [0x00000000d6e00000,0x00000000d6e00000,0x00000000de580000)
  from space 14848K, 98% used [0x00000000dea00000,0x00000000df848390,0x00000000df880000)
  to   space 13312K, 0% used [0x00000000df880000,0x00000000df880000,0x00000000e0580000)
 ParOldGen       total 84992K, used 36472K [0x0000000084a00000, 0x0000000089d00000, 0x00000000d6e00000)
  object space 84992K, 42% used [0x0000000084a00000,0x0000000086d9e080,0x0000000089d00000)
 Metaspace       used 20032K, capacity 20269K, committed 20736K, reserved 1069056K
  class space    used 1851K, capacity 1924K, committed 2048K, reserved 1048576K
}

