# JRE version: Java(TM) SE Runtime Environment (8.0_101-b13) (build 1.8.0_101-b13)
# Java VM: Java HotSpot(TM) 64-Bit Server VM (25.101-b13 mixed mode linux-amd64 compressed oops)
Heap:
 PSYoungGen      total 143360K, used 135322K [0x00000000d6e00000, 0x00000000e8c00000, 0x0000000100000000)
  eden space 124416K, 93% used [0x00000000d6e00000,0x00000000ddfb6478,0x00000000de780000)
  from space 18944K, 99% used [0x00000000de780000,0x00000000df9f04c0,0x00000000dfa00000)
  to   space 22016K, 0% used [0x00000000e7680000,0x00000000e7680000,0x00000000e8c00000)
 ParOldGen       total 84992K, used 41625K [0x0000000084a00000, 0x0000000089d00000, 0x00000000d6e00000)
  object space 84992K, 48% used [0x0000000084a00000,0x00000000872a66d0,0x0000000089d00000)
 Metaspace       used 19898K, capacity 20065K, committed 20480K, reserved 1067008K
  class space    used 1852K, capacity 1924K, committed 2048K, reserved 1048576K
GC Heap History (10 events):
Event: 1.764 GC heap before
{Heap before GC invocations=3 (full 0):
 PSYoungGen      total 36864K, used 36754K [0x00000000d6e00000, 0x00000000d9700000, 0x0000000100000000)
  eden space 31744K, 99% used [0x00000000d6e00000,0x00000000d8ce6848,0x00000000d8d00000)
  from space 5120K, 99% used [0x00000000d9200000,0x00000000d96fe380,0x00000000d9700000)
  to   space 5120K, 0% used [0x00000000d8d00000,0x00000000d8d00000,0x00000000d9200000)
 ParOldGen       total 84992K, used 8870K [0x0000000084a00000, 0x0000000089d00000, 0x00000000d6e00000)
  object space 84992K, 10% used [0x0000000084a00000,0x00000000852a99a8,0x0000000089d00000)
 Metaspace       used 18910K, capacity 19101K, committed 19456K, reserved 1067008K
  class space    used 1849K, capacity 1924K, committed 2048K, reserved 1048576K
Event: 1.771 GC heap after
Heap after GC invocations=3 (full 0):
 PSYoungGen      total 36864K, used 5106K [0x00000000d6e00000, 0x00000000db600000, 0x0000000100000000)
  eden space 31744K, 0% used [0x00000000d6e00000,0x00000000d6e00000,0x00000000d8d00000)
  from space 5120K, 99% used [0x00000000d8d00000,0x00000000d91fc980,0x00000000d9200000)
  to   space 5120K, 0% used [0x00000000db100000,0x00000000db100000,0x00000000db600000)
 ParOldGen       total 84992K, used 13543K [0x0000000084a00000, 0x0000000089d00000, 0x00000000d6e00000)
  object space 84992K, 15% used [0x0000000084a00000,0x0000000085739cb8,0x0000000089d00000)
 Metaspace       used 18910K, capacity 19101K, committed 19456K, reserved 1067008K
  class space    used 1849K, capacity 1924K, committed 2048K, reserved 1048576K
}
Event: 1.941 GC heap before
{Heap before GC invocations=4 (full 0):
 PSYoungGen      total 36864K, used 36594K [0x00000000d6e00000, 0x00000000db600000, 0x0000000100000000)
  eden space 31744K, 99% used [0x00000000d6e00000,0x00000000d8cc00d8,0x00000000d8d00000)
  from space 5120K, 99% used [0x00000000d8d00000,0x00000000d91fc980,0x00000000d9200000)
  to   space 5120K, 0% used [0x00000000db100000,0x00000000db100000,0x00000000db600000)
 ParOldGen       total 84992K, used 13799K [0x0000000084a00000, 0x0000000089d00000, 0x00000000d6e00000)
  object space 84992K, 16% used [0x0000000084a00000,0x0000000085779cc8,0x0000000089d00000)
 Metaspace       used 19009K, capacity 19229K, committed 19712K, reserved 1067008K
  class space    used 1849K, capacity 1924K, committed 2048K, reserved 1048576K
Event: 1.948 GC heap after
Heap after GC invocations=4 (full 0):
 PSYoungGen      total 68608K, used 5109K [0x00000000d6e00000, 0x00000000db600000, 0x0000000100000000)
  eden space 63488K, 0% used [0x00000000d6e00000,0x00000000d6e00000,0x00000000dac00000)
  from space 5120K, 99% used [0x00000000db100000,0x00000000db5fd608,0x00000000db600000)
  to   space 5120K, 0% used [0x00000000dac00000,0x00000000dac00000,0x00000000db100000)
 ParOldGen       total 84992K, used 19951K [0x0000000084a00000, 0x0000000089d00000, 0x00000000d6e00000)
  object space 84992K, 23% used [0x0000000084a00000,0x0000000085d7be48,0x0000000089d00000)
 Metaspace       used 19009K, capacity 19229K, committed 19712K, reserved 1067008K
  class space    used 1849K, capacity 1924K, committed 2048K, reserved 1048576K
}
Event: 4.951 GC heap before
{Heap before GC invocations=5 (full 0):
 PSYoungGen      total 68608K, used 68597K [0x00000000d6e00000, 0x00000000db600000, 0x0000000100000000)
  eden space 63488K, 100% used [0x00000000d6e00000,0x00000000dac00000,0x00000000dac00000)
  from space 5120K, 99% used [0x00000000db100000,0x00000000db5fd608,0x00000000db600000)
  to   space 5120K, 0% used [0x00000000dac00000,0x00000000dac00000,0x00000000db100000)
 ParOldGen       total 84992K, used 20210K [0x0000000084a00000, 0x0000000089d00000, 0x00000000d6e00000)
  object space 84992K, 23% used [0x0000000084a00000,0x0000000085dbc960,0x0000000089d00000)
 Metaspace       used 19413K, capacity 19613K, committed 19968K, reserved 1067008K
  class space    used 1850K, capacity 1924K, committed 2048K, reserved 1048576K
Event: 4.959 GC heap after
Heap after GC invocations=5 (full 0):
 PSYoungGen      total 68608K, used 5090K [0x00000000d6e00000, 0x00000000e0a00000, 0x0000000100000000)
  eden space 63488K, 0% used [0x00000000d6e00000,0x00000000d6e00000,0x00000000dac00000)
  from space 5120K, 99% used [0x00000000dac00000,0x00000000db0f89a0,0x00000000db100000)
  to   space 16384K, 0% used [0x00000000dfa00000,0x00000000dfa00000,0x00000000e0a00000)
 ParOldGen       total 84992K, used 27642K [0x0000000084a00000, 0x0000000089d00000, 0x00000000d6e00000)
  object space 84992K, 32% used [0x0000000084a00000,0x00000000864feb30,0x0000000089d00000)
 Metaspace       used 19413K, capacity 19613K, committed 19968K, reserved 1067008K
  class space    used 1850K, capacity 1924K, committed 2048K, reserved 1048576K
}
Event: 5.968 GC heap before
{Heap before GC invocations=6 (full 0):
 PSYoungGen      total 68608K, used 68578K [0x00000000d6e00000, 0x00000000e0a00000, 0x0000000100000000)
  eden space 63488K, 100% used [0x00000000d6e00000,0x00000000dac00000,0x00000000dac00000)
  from space 5120K, 99% used [0x00000000dac00000,0x00000000db0f89a0,0x00000000db100000)
  to   space 16384K, 0% used [0x00000000dfa00000,0x00000000dfa00000,0x00000000e0a00000)
 ParOldGen       total 84992K, used 27642K [0x0000000084a00000, 0x0000000089d00000, 0x00000000d6e00000)
  object space 84992K, 32% used [0x0000000084a00000,0x00000000864feb30,0x0000000089d00000)
 Metaspace       used 19567K, capacity 19809K, committed 20224K, reserved 1067008K
  class space    used 1850K, capacity 1924K, committed 2048K, reserved 1048576K
Event: 5.976 GC heap after
Heap after GC invocations=6 (full 0):
 PSYoungGen      total 140800K, used 15665K [0x00000000d6e00000, 0x00000000e0f00000, 0x0000000100000000)
  eden space 124416K, 0% used [0x00000000d6e00000,0x00000000d6e00000,0x00000000de780000)
  from space 16384K, 95% used [0x00000000dfa00000,0x00000000e094c420,0x00000000e0a00000)
  to   space 18944K, 0% used [0x00000000de780000,0x00000000de780000,0x00000000dfa00000)
 ParOldGen       total 84992K, used 27642K [0x0000000084a00000, 0x0000000089d00000, 0x00000000d6e00000)
  object space 84992K, 32% used [0x0000000084a00000,0x00000000864feb30,0x0000000089d00000)
 Metaspace       used 19567K, capacity 19809K, committed 20224K, reserved 1067008K
  class space    used 1850K, capacity 1924K, committed 2048K, reserved 1048576K
}
Event: 7.783 GC heap before
{Heap before GC invocations=7 (full 0):
 PSYoungGen      total 140800K, used 140081K [0x00000000d6e00000, 0x00000000e0f00000, 0x0000000100000000)
  eden space 124416K, 100% used [0x00000000d6e00000,0x00000000de780000,0x00000000de780000)
  from space 16384K, 95% used [0x00000000dfa00000,0x00000000e094c420,0x00000000e0a00000)
  to   space 18944K, 0% used [0x00000000de780000,0x00000000de780000,0x00000000dfa00000)
 ParOldGen       total 84992K, used 27642K [0x0000000084a00000, 0x0000000089d00000, 0x00000000d6e00000)
  object space 84992K, 32% used [0x0000000084a00000,0x00000000864feb30,0x0000000089d00000)
 Metaspace       used 19650K, capacity 19873K, committed 20224K, reserved 1067008K
  class space    used 1850K, capacity 1924K, committed 2048K, reserved 1048576K
Event: 7.797 GC heap after
Heap after GC invocations=7 (full 0):
 PSYoungGen      total 143360K, used 18881K [0x00000000d6e00000, 0x00000000e8c00000, 0x0000000100000000)
  eden space 124416K, 0% used [0x00000000d6e00000,0x00000000d6e00000,0x00000000de780000)
  from space 18944K, 99% used [0x00000000de780000,0x00000000df9f04c0,0x00000000dfa00000)
  to   space 22016K, 0% used [0x00000000e7680000,0x00000000e7680000,0x00000000e8c00000)
 ParOldGen       total 84992K, used 41625K [0x0000000084a00000, 0x0000000089d00000, 0x00000000d6e00000)
  object space 84992K, 48% used [0x0000000084a00000,0x00000000872a66d0,0x0000000089d00000)
 Metaspace       used 19650K, capacity 19873K, committed 20224K, reserved 1067008K
  class space    used 1850K, capacity 1924K, committed 2048K, reserved 1048576K
}

