# JRE version: Java(TM) SE Runtime Environment (8.0_101-b13) (build 1.8.0_101-b13)
# Java VM: Java HotSpot(TM) 64-Bit Server VM (25.101-b13 mixed mode linux-amd64 compressed oops)
Heap:
 PSYoungGen      total 75776K, used 32770K [0x00000000d6e00000, 0x00000000dee00000, 0x0000000100000000)
  eden space 59904K, 28% used [0x00000000d6e00000,0x00000000d7e855c0,0x00000000da880000)
  from space 15872K, 99% used [0x00000000da880000,0x00000000db7fb408,0x00000000db800000)
  to   space 17408K, 0% used [0x00000000ddd00000,0x00000000ddd00000,0x00000000dee00000)
 ParOldGen       total 84992K, used 38735K [0x0000000084a00000, 0x0000000089d00000, 0x00000000d6e00000)
  object space 84992K, 45% used [0x0000000084a00000,0x0000000086fd3cf0,0x0000000089d00000)
 Metaspace       used 20116K, capacity 20301K, committed 20736K, reserved 1069056K
  class space    used 1890K, capacity 1956K, committed 2048K, reserved 1048576K
GC Heap History (10 events):
Event: 7.608 GC heap before
{Heap before GC invocations=5 (full 0):
 PSYoungGen      total 36864K, used 36848K [0x00000000d6e00000, 0x00000000db600000, 0x0000000100000000)
  eden space 31744K, 100% used [0x00000000d6e00000,0x00000000d8d00000,0x00000000d8d00000)
  from space 5120K, 99% used [0x00000000db100000,0x00000000db5fc130,0x00000000db600000)
  to   space 5120K, 0% used [0x00000000d8d00000,0x00000000d8d00000,0x00000000d9200000)
 ParOldGen       total 84992K, used 16788K [0x0000000084a00000, 0x0000000089d00000, 0x00000000d6e00000)
  object space 84992K, 19% used [0x0000000084a00000,0x0000000085a652f8,0x0000000089d00000)
 Metaspace       used 19793K, capacity 20041K, committed 20480K, reserved 1067008K
  class space    used 1888K, capacity 1956K, committed 2048K, reserved 1048576K
Event: 7.614 GC heap after
Heap after GC invocations=5 (full 0):
 PSYoungGen      total 36352K, used 5104K [0x00000000d6e00000, 0x00000000db180000, 0x0000000100000000)
  eden space 31232K, 0% used [0x00000000d6e00000,0x00000000d6e00000,0x00000000d8c80000)
  from space 5120K, 99% used [0x00000000d8d00000,0x00000000d91fc0f0,0x00000000d9200000)
  to   space 12800K, 0% used [0x00000000da500000,0x00000000da500000,0x00000000db180000)
 ParOldGen       total 84992K, used 21289K [0x0000000084a00000, 0x0000000089d00000, 0x00000000d6e00000)
  object space 84992K, 25% used [0x0000000084a00000,0x0000000085eca7b8,0x0000000089d00000)
 Metaspace       used 19793K, capacity 20041K, committed 20480K, reserved 1067008K
  class space    used 1888K, capacity 1956K, committed 2048K, reserved 1048576K
}
Event: 8.348 GC heap before
{Heap before GC invocations=6 (full 0):
 PSYoungGen      total 36352K, used 36336K [0x00000000d6e00000, 0x00000000db180000, 0x0000000100000000)
  eden space 31232K, 100% used [0x00000000d6e00000,0x00000000d8c80000,0x00000000d8c80000)
  from space 5120K, 99% used [0x00000000d8d00000,0x00000000d91fc0f0,0x00000000d9200000)
  to   space 12800K, 0% used [0x00000000da500000,0x00000000da500000,0x00000000db180000)
 ParOldGen       total 84992K, used 21353K [0x0000000084a00000, 0x0000000089d00000, 0x00000000d6e00000)
  object space 84992K, 25% used [0x0000000084a00000,0x0000000085eda7a8,0x0000000089d00000)
 Metaspace       used 19844K, capacity 20105K, committed 20480K, reserved 1067008K
  class space    used 1888K, capacity 1956K, committed 2048K, reserved 1048576K
Event: 8.356 GC heap after
Heap after GC invocations=6 (full 0):
 PSYoungGen      total 41984K, used 10848K [0x00000000d6e00000, 0x00000000db000000, 0x0000000100000000)
  eden space 30720K, 0% used [0x00000000d6e00000,0x00000000d6e00000,0x00000000d8c00000)
  from space 11264K, 96% used [0x00000000da500000,0x00000000daf98280,0x00000000db000000)
  to   space 12800K, 0% used [0x00000000d9700000,0x00000000d9700000,0x00000000da380000)
 ParOldGen       total 84992K, used 21353K [0x0000000084a00000, 0x0000000089d00000, 0x00000000d6e00000)
  object space 84992K, 25% used [0x0000000084a00000,0x0000000085eda7a8,0x0000000089d00000)
 Metaspace       used 19844K, capacity 20105K, committed 20480K, reserved 1067008K
  class space    used 1888K, capacity 1956K, committed 2048K, reserved 1048576K
}
Event: 8.629 GC heap before
{Heap before GC invocations=7 (full 0):
 PSYoungGen      total 41984K, used 41327K [0x00000000d6e00000, 0x00000000db000000, 0x0000000100000000)
  eden space 30720K, 99% used [0x00000000d6e00000,0x00000000d8bc3c58,0x00000000d8c00000)
  from space 11264K, 96% used [0x00000000da500000,0x00000000daf98280,0x00000000db000000)
  to   space 12800K, 0% used [0x00000000d9700000,0x00000000d9700000,0x00000000da380000)
 ParOldGen       total 84992K, used 21353K [0x0000000084a00000, 0x0000000089d00000, 0x00000000d6e00000)
  object space 84992K, 25% used [0x0000000084a00000,0x0000000085eda7a8,0x0000000089d00000)
 Metaspace       used 19917K, capacity 20105K, committed 20480K, reserved 1067008K
  class space    used 1888K, capacity 1956K, committed 2048K, reserved 1048576K
Event: 8.639 GC heap after
Heap after GC invocations=7 (full 0):
 PSYoungGen      total 54784K, used 12768K [0x00000000d6e00000, 0x00000000dc600000, 0x0000000100000000)
  eden space 41984K, 0% used [0x00000000d6e00000,0x00000000d6e00000,0x00000000d9700000)
  from space 12800K, 99% used [0x00000000d9700000,0x00000000da378310,0x00000000da380000)
  to   space 14336K, 0% used [0x00000000db800000,0x00000000db800000,0x00000000dc600000)
 ParOldGen       total 84992K, used 24062K [0x0000000084a00000, 0x0000000089d00000, 0x00000000d6e00000)
  object space 84992K, 28% used [0x0000000084a00000,0x000000008617f960,0x0000000089d00000)
 Metaspace       used 19917K, capacity 20105K, committed 20480K, reserved 1067008K
  class space    used 1888K, capacity 1956K, committed 2048K, reserved 1048576K
}
Event: 9.777 GC heap before
{Heap before GC invocations=8 (full 0):
 PSYoungGen      total 54784K, used 54706K [0x00000000d6e00000, 0x00000000dc600000, 0x0000000100000000)
  eden space 41984K, 99% used [0x00000000d6e00000,0x00000000d96f4808,0x00000000d9700000)
  from space 12800K, 99% used [0x00000000d9700000,0x00000000da378310,0x00000000da380000)
  to   space 14336K, 0% used [0x00000000db800000,0x00000000db800000,0x00000000dc600000)
 ParOldGen       total 84992K, used 24062K [0x0000000084a00000, 0x0000000089d00000, 0x00000000d6e00000)
  object space 84992K, 28% used [0x0000000084a00000,0x000000008617f960,0x0000000089d00000)
 Metaspace       used 19955K, capacity 20109K, committed 20480K, reserved 1067008K
  class space    used 1888K, capacity 1956K, committed 2048K, reserved 1048576K
Event: 9.785 GC heap after
Heap after GC invocations=8 (full 0):
 PSYoungGen      total 74240K, used 14304K [0x00000000d6e00000, 0x00000000ddf00000, 0x0000000100000000)
  eden space 59904K, 0% used [0x00000000d6e00000,0x00000000d6e00000,0x00000000da880000)
  from space 14336K, 99% used [0x00000000db800000,0x00000000dc5f8370,0x00000000dc600000)
  to   space 15872K, 0% used [0x00000000da880000,0x00000000da880000,0x00000000db800000)
 ParOldGen       total 84992K, used 29990K [0x0000000084a00000, 0x0000000089d00000, 0x00000000d6e00000)
  object space 84992K, 35% used [0x0000000084a00000,0x0000000086749ad0,0x0000000089d00000)
 Metaspace       used 19955K, capacity 20109K, committed 20480K, reserved 1067008K
  class space    used 1888K, capacity 1956K, committed 2048K, reserved 1048576K
}
Event: 10.549 GC heap before
{Heap before GC invocations=9 (full 0):
 PSYoungGen      total 74240K, used 74183K [0x00000000d6e00000, 0x00000000ddf00000, 0x0000000100000000)
  eden space 59904K, 99% used [0x00000000d6e00000,0x00000000da879920,0x00000000da880000)
  from space 14336K, 99% used [0x00000000db800000,0x00000000dc5f8370,0x00000000dc600000)
  to   space 15872K, 0% used [0x00000000da880000,0x00000000da880000,0x00000000db800000)
 ParOldGen       total 84992K, used 30246K [0x0000000084a00000, 0x0000000089d00000, 0x00000000d6e00000)
  object space 84992K, 35% used [0x0000000084a00000,0x0000000086789ae0,0x0000000089d00000)
 Metaspace       used 20049K, capacity 20237K, committed 20480K, reserved 1067008K
  class space    used 1888K, capacity 1956K, committed 2048K, reserved 1048576K
Event: 10.611 GC heap after
Heap after GC invocations=9 (full 0):
 PSYoungGen      total 75776K, used 15853K [0x00000000d6e00000, 0x00000000dee00000, 0x0000000100000000)
  eden space 59904K, 0% used [0x00000000d6e00000,0x00000000d6e00000,0x00000000da880000)
  from space 15872K, 99% used [0x00000000da880000,0x00000000db7fb408,0x00000000db800000)
  to   space 17408K, 0% used [0x00000000ddd00000,0x00000000ddd00000,0x00000000dee00000)
 ParOldGen       total 84992K, used 38735K [0x0000000084a00000, 0x0000000089d00000, 0x00000000d6e00000)
  object space 84992K, 45% used [0x0000000084a00000,0x0000000086fd3cf0,0x0000000089d00000)
 Metaspace       used 20049K, capacity 20237K, committed 20480K, reserved 1067008K
  class space    used 1888K, capacity 1956K, committed 2048K, reserved 1048576K
}

